<?xml version="1.0" encoding="UTF-8"?>
<coverage generated="1600859020754" clover="3.2.0">
  <project timestamp="1600859020754" name="All files">
    <metrics statements="39" coveredstatements="37" conditionals="62" coveredconditionals="41" methods="6" coveredmethods="4" elements="107" coveredelements="82" complexity="0" loc="39" ncloc="39" packages="1" files="2" classes="2"/>
    <file name="index.ts" path="C:\Users\divya_chadichal\Desktop\orxe-imagelist\packages\orxe-image-list\src\index.ts">
      <metrics statements="0" coveredstatements="0" conditionals="0" coveredconditionals="0" methods="0" coveredmethods="0"/>
    </file>
    <file name="orxe-orxe-image-list.ts" path="C:\Users\divya_chadichal\Desktop\orxe-imagelist\packages\orxe-image-list\src\orxe-orxe-image-list.ts">
      <metrics statements="39" coveredstatements="37" conditionals="62" coveredconditionals="41" methods="6" coveredmethods="4"/>
      <line num="10" count="15" type="stmt"/>
      <line num="34" count="15" type="stmt"/>
      <line num="35" count="15" type="stmt"/>
      <line num="40" count="15" type="stmt"/>
      <line num="41" count="15" type="stmt"/>
      <line num="42" count="15" type="stmt"/>
      <line num="43" count="15" type="stmt"/>
      <line num="44" count="15" type="stmt"/>
      <line num="45" count="15" type="stmt"/>
      <line num="46" count="15" type="stmt"/>
      <line num="47" count="15" type="stmt"/>
      <line num="54" count="15" type="stmt"/>
      <line num="56" count="0" type="cond" truecount="3" falsecount="3"/>
      <line num="63" count="0" type="cond" truecount="3" falsecount="3"/>
      <line num="71" count="6" type="cond" truecount="2" falsecount="0"/>
      <line num="72" count="2" type="cond" truecount="2" falsecount="0"/>
      <line num="73" count="1" type="stmt"/>
      <line num="74" count="1" type="stmt"/>
      <line num="76" count="4" type="cond" truecount="2" falsecount="0"/>
      <line num="77" count="2" type="cond" truecount="2" falsecount="0"/>
      <line num="78" count="1" type="stmt"/>
      <line num="79" count="1" type="stmt"/>
      <line num="81" count="2" type="cond" truecount="1" falsecount="1"/>
      <line num="82" count="2" type="cond" truecount="2" falsecount="0"/>
      <line num="83" count="1" type="stmt"/>
      <line num="84" count="1" type="stmt"/>
      <line num="90" count="6" type="cond" truecount="2" falsecount="0"/>
      <line num="91" count="2" type="cond" truecount="2" falsecount="0"/>
      <line num="92" count="1" type="stmt"/>
      <line num="93" count="1" type="stmt"/>
      <line num="95" count="4" type="cond" truecount="2" falsecount="0"/>
      <line num="96" count="2" type="cond" truecount="2" falsecount="0"/>
      <line num="97" count="1" type="stmt"/>
      <line num="98" count="1" type="stmt"/>
      <line num="100" count="2" type="cond" truecount="1" falsecount="1"/>
      <line num="101" count="2" type="cond" truecount="2" falsecount="0"/>
      <line num="102" count="1" type="stmt"/>
      <line num="103" count="1" type="stmt"/>
      <line num="111" count="2" type="stmt"/>
    </file>
  </project>
</coverage>
