<?xml version="1.0" encoding="UTF-8"?>
<coverage generated="1600798495579" clover="3.2.0">
  <project timestamp="1600798495579" name="All files">
    <metrics statements="44" coveredstatements="38" conditionals="30" coveredconditionals="25" methods="10" coveredmethods="4" elements="84" coveredelements="67" complexity="0" loc="44" ncloc="44" packages="1" files="2" classes="2"/>
    <file name="index.ts" path="C:\Users\divya_chadichal\Desktop\orxe-imagelist\packages\orxe-image-list\src\index.ts">
      <metrics statements="0" coveredstatements="0" conditionals="0" coveredconditionals="0" methods="0" coveredmethods="0"/>
    </file>
    <file name="orxe-orxe-image-list.ts" path="C:\Users\divya_chadichal\Desktop\orxe-imagelist\packages\orxe-image-list\src\orxe-orxe-image-list.ts">
      <metrics statements="44" coveredstatements="38" conditionals="30" coveredconditionals="25" methods="10" coveredmethods="4"/>
      <line num="34" count="15" type="stmt"/>
      <line num="35" count="15" type="stmt"/>
      <line num="40" count="15" type="stmt"/>
      <line num="41" count="15" type="stmt"/>
      <line num="42" count="15" type="stmt"/>
      <line num="43" count="15" type="stmt"/>
      <line num="44" count="15" type="stmt"/>
      <line num="45" count="15" type="stmt"/>
      <line num="46" count="15" type="stmt"/>
      <line num="47" count="15" type="stmt"/>
      <line num="48" count="15" type="stmt"/>
      <line num="49" count="15" type="stmt"/>
      <line num="56" count="15" type="stmt"/>
      <line num="62" count="0" type="stmt"/>
      <line num="69" count="0" type="stmt"/>
      <line num="77" count="0" type="stmt"/>
      <line num="84" count="0" type="stmt"/>
      <line num="92" count="0" type="stmt"/>
      <line num="99" count="0" type="stmt"/>
      <line num="109" count="6" type="cond" truecount="2" falsecount="0"/>
      <line num="110" count="2" type="cond" truecount="2" falsecount="0"/>
      <line num="111" count="1" type="stmt"/>
      <line num="112" count="1" type="stmt"/>
      <line num="114" count="4" type="cond" truecount="2" falsecount="0"/>
      <line num="115" count="2" type="cond" truecount="2" falsecount="0"/>
      <line num="116" count="1" type="stmt"/>
      <line num="117" count="1" type="stmt"/>
      <line num="119" count="2" type="cond" truecount="1" falsecount="1"/>
      <line num="120" count="2" type="cond" truecount="2" falsecount="0"/>
      <line num="121" count="1" type="stmt"/>
      <line num="122" count="1" type="stmt"/>
      <line num="128" count="6" type="cond" truecount="2" falsecount="0"/>
      <line num="129" count="2" type="cond" truecount="2" falsecount="0"/>
      <line num="130" count="1" type="stmt"/>
      <line num="131" count="1" type="stmt"/>
      <line num="133" count="4" type="cond" truecount="2" falsecount="0"/>
      <line num="134" count="2" type="cond" truecount="2" falsecount="0"/>
      <line num="135" count="1" type="stmt"/>
      <line num="136" count="1" type="stmt"/>
      <line num="138" count="2" type="cond" truecount="1" falsecount="1"/>
      <line num="139" count="2" type="cond" truecount="2" falsecount="0"/>
      <line num="140" count="1" type="stmt"/>
      <line num="141" count="1" type="stmt"/>
      <line num="149" count="2" type="stmt"/>
    </file>
  </project>
</coverage>
