{"C:\\Users\\divya_chadichal\\Desktop\\orxe-imagelist\\packages\\orxe-image-list\\src\\index.ts": {"path":"C:\\Users\\divya_chadichal\\Desktop\\orxe-imagelist\\packages\\orxe-image-list\\src\\index.ts","statementMap":{},"fnMap":{},"branchMap":{},"s":{},"f":{},"b":{},"_coverageSchema":"1a1c01bbd47fc00a2c39e90264f33305004495a9","hash":"6452fceb3653f41a5e24b8d608947c3d57429b69"}
,"C:\\Users\\divya_chadichal\\Desktop\\orxe-imagelist\\packages\\orxe-image-list\\src\\orxe-orxe-image-list.ts": {"path":"C:\\Users\\divya_chadichal\\Desktop\\orxe-imagelist\\packages\\orxe-image-list\\src\\orxe-orxe-image-list.ts","statementMap":{"0":{"start":{"line":10,"column":9},"end":{"line":10,"column":16}},"1":{"start":{"line":34,"column":4},"end":{"line":34,"column":12}},"2":{"start":{"line":35,"column":4},"end":{"line":39,"column":6}},"3":{"start":{"line":40,"column":4},"end":{"line":40,"column":30}},"4":{"start":{"line":41,"column":4},"end":{"line":41,"column":29}},"5":{"start":{"line":42,"column":4},"end":{"line":42,"column":31}},"6":{"start":{"line":43,"column":4},"end":{"line":43,"column":65}},"7":{"start":{"line":44,"column":4},"end":{"line":44,"column":64}},"8":{"start":{"line":45,"column":4},"end":{"line":45,"column":66}},"9":{"start":{"line":46,"column":4},"end":{"line":46,"column":30}},"10":{"start":{"line":47,"column":4},"end":{"line":47,"column":30}},"11":{"start":{"line":54,"column":4},"end":{"line":67,"column":6}},"12":{"start":{"line":56,"column":200},"end":{"line":56,"column":226}},"13":{"start":{"line":63,"column":200},"end":{"line":63,"column":222}},"14":{"start":{"line":71,"column":4},"end":{"line":86,"column":5}},"15":{"start":{"line":72,"column":6},"end":{"line":75,"column":7}},"16":{"start":{"line":73,"column":8},"end":{"line":73,"column":32}},"17":{"start":{"line":74,"column":8},"end":{"line":74,"column":70}},"18":{"start":{"line":76,"column":11},"end":{"line":86,"column":5}},"19":{"start":{"line":77,"column":6},"end":{"line":80,"column":7}},"20":{"start":{"line":78,"column":8},"end":{"line":78,"column":31}},"21":{"start":{"line":79,"column":8},"end":{"line":79,"column":68}},"22":{"start":{"line":81,"column":11},"end":{"line":86,"column":5}},"23":{"start":{"line":82,"column":6},"end":{"line":85,"column":7}},"24":{"start":{"line":83,"column":8},"end":{"line":83,"column":33}},"25":{"start":{"line":84,"column":8},"end":{"line":84,"column":72}},"26":{"start":{"line":90,"column":4},"end":{"line":105,"column":5}},"27":{"start":{"line":91,"column":6},"end":{"line":94,"column":7}},"28":{"start":{"line":92,"column":8},"end":{"line":92,"column":32}},"29":{"start":{"line":93,"column":8},"end":{"line":93,"column":70}},"30":{"start":{"line":95,"column":11},"end":{"line":105,"column":5}},"31":{"start":{"line":96,"column":6},"end":{"line":99,"column":7}},"32":{"start":{"line":97,"column":8},"end":{"line":97,"column":31}},"33":{"start":{"line":98,"column":8},"end":{"line":98,"column":68}},"34":{"start":{"line":100,"column":11},"end":{"line":105,"column":5}},"35":{"start":{"line":101,"column":6},"end":{"line":104,"column":7}},"36":{"start":{"line":102,"column":8},"end":{"line":102,"column":33}},"37":{"start":{"line":103,"column":8},"end":{"line":103,"column":72}},"38":{"start":{"line":111,"column":18},"end":{"line":111,"column":24}}},"fnMap":{"0":{"name":"(anonymous_0)","decl":{"start":{"line":33,"column":2},"end":{"line":33,"column":3}},"loc":{"start":{"line":33,"column":16},"end":{"line":48,"column":3}},"line":33},"1":{"name":"(anonymous_1)","decl":{"start":{"line":53,"column":2},"end":{"line":53,"column":3}},"loc":{"start":{"line":53,"column":11},"end":{"line":68,"column":3}},"line":53},"2":{"name":"(anonymous_2)","decl":{"start":{"line":56,"column":194},"end":{"line":56,"column":195}},"loc":{"start":{"line":56,"column":200},"end":{"line":56,"column":226}},"line":56},"3":{"name":"(anonymous_3)","decl":{"start":{"line":63,"column":194},"end":{"line":63,"column":195}},"loc":{"start":{"line":63,"column":200},"end":{"line":63,"column":222}},"line":63},"4":{"name":"(anonymous_4)","decl":{"start":{"line":70,"column":2},"end":{"line":70,"column":3}},"loc":{"start":{"line":70,"column":21},"end":{"line":87,"column":3}},"line":70},"5":{"name":"(anonymous_5)","decl":{"start":{"line":89,"column":2},"end":{"line":89,"column":3}},"loc":{"start":{"line":89,"column":17},"end":{"line":106,"column":3}},"line":89}},"branchMap":{"0":{"loc":{"start":{"line":55,"column":20},"end":{"line":55,"column":152}},"type":"cond-expr","locations":[{"start":{"line":55,"column":42},"end":{"line":55,"column":55}},{"start":{"line":55,"column":58},"end":{"line":55,"column":152}}],"line":55},"1":{"loc":{"start":{"line":55,"column":58},"end":{"line":55,"column":152}},"type":"cond-expr","locations":[{"start":{"line":55,"column":83},"end":{"line":55,"column":95}},{"start":{"line":55,"column":98},"end":{"line":55,"column":152}}],"line":55},"2":{"loc":{"start":{"line":55,"column":98},"end":{"line":55,"column":152}},"type":"cond-expr","locations":[{"start":{"line":55,"column":121},"end":{"line":55,"column":135}},{"start":{"line":55,"column":138},"end":{"line":55,"column":152}}],"line":55},"3":{"loc":{"start":{"line":56,"column":25},"end":{"line":56,"column":181}},"type":"cond-expr","locations":[{"start":{"line":56,"column":47},"end":{"line":56,"column":66}},{"start":{"line":56,"column":69},"end":{"line":56,"column":181}}],"line":56},"4":{"loc":{"start":{"line":56,"column":69},"end":{"line":56,"column":181}},"type":"cond-expr","locations":[{"start":{"line":56,"column":94},"end":{"line":56,"column":112}},{"start":{"line":56,"column":115},"end":{"line":56,"column":181}}],"line":56},"5":{"loc":{"start":{"line":56,"column":115},"end":{"line":56,"column":181}},"type":"cond-expr","locations":[{"start":{"line":56,"column":138},"end":{"line":56,"column":158}},{"start":{"line":56,"column":161},"end":{"line":56,"column":181}}],"line":56},"6":{"loc":{"start":{"line":59,"column":22},"end":{"line":59,"column":146}},"type":"cond-expr","locations":[{"start":{"line":59,"column":44},"end":{"line":59,"column":55}},{"start":{"line":59,"column":58},"end":{"line":59,"column":146}}],"line":59},"7":{"loc":{"start":{"line":59,"column":58},"end":{"line":59,"column":146}},"type":"cond-expr","locations":[{"start":{"line":59,"column":83},"end":{"line":59,"column":93}},{"start":{"line":59,"column":96},"end":{"line":59,"column":146}}],"line":59},"8":{"loc":{"start":{"line":59,"column":96},"end":{"line":59,"column":146}},"type":"cond-expr","locations":[{"start":{"line":59,"column":119},"end":{"line":59,"column":131}},{"start":{"line":59,"column":134},"end":{"line":59,"column":146}}],"line":59},"9":{"loc":{"start":{"line":59,"column":156},"end":{"line":59,"column":320}},"type":"cond-expr","locations":[{"start":{"line":59,"column":178},"end":{"line":59,"column":199}},{"start":{"line":59,"column":202},"end":{"line":59,"column":320}}],"line":59},"10":{"loc":{"start":{"line":59,"column":202},"end":{"line":59,"column":320}},"type":"cond-expr","locations":[{"start":{"line":59,"column":227},"end":{"line":59,"column":247}},{"start":{"line":59,"column":250},"end":{"line":59,"column":320}}],"line":59},"11":{"loc":{"start":{"line":59,"column":250},"end":{"line":59,"column":320}},"type":"cond-expr","locations":[{"start":{"line":59,"column":273},"end":{"line":59,"column":295}},{"start":{"line":59,"column":298},"end":{"line":59,"column":320}}],"line":59},"12":{"loc":{"start":{"line":61,"column":14},"end":{"line":61,"column":212}},"type":"cond-expr","locations":[{"start":{"line":61,"column":38},"end":{"line":61,"column":208}},{"start":{"line":61,"column":211},"end":{"line":61,"column":212}}],"line":61},"13":{"loc":{"start":{"line":61,"column":39},"end":{"line":61,"column":203}},"type":"cond-expr","locations":[{"start":{"line":61,"column":61},"end":{"line":61,"column":82}},{"start":{"line":61,"column":85},"end":{"line":61,"column":203}}],"line":61},"14":{"loc":{"start":{"line":61,"column":85},"end":{"line":61,"column":203}},"type":"cond-expr","locations":[{"start":{"line":61,"column":110},"end":{"line":61,"column":130}},{"start":{"line":61,"column":133},"end":{"line":61,"column":203}}],"line":61},"15":{"loc":{"start":{"line":61,"column":133},"end":{"line":61,"column":203}},"type":"cond-expr","locations":[{"start":{"line":61,"column":156},"end":{"line":61,"column":178}},{"start":{"line":61,"column":181},"end":{"line":61,"column":203}}],"line":61},"16":{"loc":{"start":{"line":63,"column":25},"end":{"line":63,"column":181}},"type":"cond-expr","locations":[{"start":{"line":63,"column":47},"end":{"line":63,"column":66}},{"start":{"line":63,"column":69},"end":{"line":63,"column":181}}],"line":63},"17":{"loc":{"start":{"line":63,"column":69},"end":{"line":63,"column":181}},"type":"cond-expr","locations":[{"start":{"line":63,"column":94},"end":{"line":63,"column":112}},{"start":{"line":63,"column":115},"end":{"line":63,"column":181}}],"line":63},"18":{"loc":{"start":{"line":63,"column":115},"end":{"line":63,"column":181}},"type":"cond-expr","locations":[{"start":{"line":63,"column":138},"end":{"line":63,"column":158}},{"start":{"line":63,"column":161},"end":{"line":63,"column":181}}],"line":63},"19":{"loc":{"start":{"line":71,"column":4},"end":{"line":86,"column":5}},"type":"if","locations":[{"start":{"line":71,"column":4},"end":{"line":86,"column":5}},{"start":{"line":71,"column":4},"end":{"line":86,"column":5}}],"line":71},"20":{"loc":{"start":{"line":72,"column":6},"end":{"line":75,"column":7}},"type":"if","locations":[{"start":{"line":72,"column":6},"end":{"line":75,"column":7}},{"start":{"line":72,"column":6},"end":{"line":75,"column":7}}],"line":72},"21":{"loc":{"start":{"line":76,"column":11},"end":{"line":86,"column":5}},"type":"if","locations":[{"start":{"line":76,"column":11},"end":{"line":86,"column":5}},{"start":{"line":76,"column":11},"end":{"line":86,"column":5}}],"line":76},"22":{"loc":{"start":{"line":77,"column":6},"end":{"line":80,"column":7}},"type":"if","locations":[{"start":{"line":77,"column":6},"end":{"line":80,"column":7}},{"start":{"line":77,"column":6},"end":{"line":80,"column":7}}],"line":77},"23":{"loc":{"start":{"line":81,"column":11},"end":{"line":86,"column":5}},"type":"if","locations":[{"start":{"line":81,"column":11},"end":{"line":86,"column":5}},{"start":{"line":81,"column":11},"end":{"line":86,"column":5}}],"line":81},"24":{"loc":{"start":{"line":82,"column":6},"end":{"line":85,"column":7}},"type":"if","locations":[{"start":{"line":82,"column":6},"end":{"line":85,"column":7}},{"start":{"line":82,"column":6},"end":{"line":85,"column":7}}],"line":82},"25":{"loc":{"start":{"line":90,"column":4},"end":{"line":105,"column":5}},"type":"if","locations":[{"start":{"line":90,"column":4},"end":{"line":105,"column":5}},{"start":{"line":90,"column":4},"end":{"line":105,"column":5}}],"line":90},"26":{"loc":{"start":{"line":91,"column":6},"end":{"line":94,"column":7}},"type":"if","locations":[{"start":{"line":91,"column":6},"end":{"line":94,"column":7}},{"start":{"line":91,"column":6},"end":{"line":94,"column":7}}],"line":91},"27":{"loc":{"start":{"line":95,"column":11},"end":{"line":105,"column":5}},"type":"if","locations":[{"start":{"line":95,"column":11},"end":{"line":105,"column":5}},{"start":{"line":95,"column":11},"end":{"line":105,"column":5}}],"line":95},"28":{"loc":{"start":{"line":96,"column":6},"end":{"line":99,"column":7}},"type":"if","locations":[{"start":{"line":96,"column":6},"end":{"line":99,"column":7}},{"start":{"line":96,"column":6},"end":{"line":99,"column":7}}],"line":96},"29":{"loc":{"start":{"line":100,"column":11},"end":{"line":105,"column":5}},"type":"if","locations":[{"start":{"line":100,"column":11},"end":{"line":105,"column":5}},{"start":{"line":100,"column":11},"end":{"line":105,"column":5}}],"line":100},"30":{"loc":{"start":{"line":101,"column":6},"end":{"line":104,"column":7}},"type":"if","locations":[{"start":{"line":101,"column":6},"end":{"line":104,"column":7}},{"start":{"line":101,"column":6},"end":{"line":104,"column":7}}],"line":101}},"s":{"0":15,"1":15,"2":15,"3":15,"4":15,"5":15,"6":15,"7":15,"8":15,"9":15,"10":15,"11":15,"12":0,"13":0,"14":6,"15":2,"16":1,"17":1,"18":4,"19":2,"20":1,"21":1,"22":2,"23":2,"24":1,"25":1,"26":6,"27":2,"28":1,"29":1,"30":4,"31":2,"32":1,"33":1,"34":2,"35":2,"36":1,"37":1,"38":2},"f":{"0":15,"1":15,"2":0,"3":0,"4":6,"5":6},"b":{"0":[0,15],"1":[0,15],"2":[15,0],"3":[0,15],"4":[0,15],"5":[15,0],"6":[0,15],"7":[0,15],"8":[15,0],"9":[0,15],"10":[0,15],"11":[15,0],"12":[15,0],"13":[0,15],"14":[0,15],"15":[15,0],"16":[0,15],"17":[0,15],"18":[15,0],"19":[2,4],"20":[1,1],"21":[2,2],"22":[1,1],"23":[2,0],"24":[1,1],"25":[2,4],"26":[1,1],"27":[2,2],"28":[1,1],"29":[2,0],"30":[1,1]},"_coverageSchema":"1a1c01bbd47fc00a2c39e90264f33305004495a9","hash":"907c64d2ad9dcd1abedd757e4137d34c0aaf2ce6"}
}
