{"C:\\Users\\divya_chadichal\\Desktop\\orxe-imagelist\\packages\\orxe-image-list\\src\\index.ts": {"path":"C:\\Users\\divya_chadichal\\Desktop\\orxe-imagelist\\packages\\orxe-image-list\\src\\index.ts","statementMap":{},"fnMap":{},"branchMap":{},"s":{},"f":{},"b":{},"_coverageSchema":"1a1c01bbd47fc00a2c39e90264f33305004495a9","hash":"6452fceb3653f41a5e24b8d608947c3d57429b69"}
,"C:\\Users\\divya_chadichal\\Desktop\\orxe-imagelist\\packages\\orxe-image-list\\src\\orxe-orxe-image-list.ts": {"path":"C:\\Users\\divya_chadichal\\Desktop\\orxe-imagelist\\packages\\orxe-image-list\\src\\orxe-orxe-image-list.ts","statementMap":{"0":{"start":{"line":34,"column":4},"end":{"line":34,"column":12}},"1":{"start":{"line":35,"column":4},"end":{"line":39,"column":6}},"2":{"start":{"line":40,"column":4},"end":{"line":40,"column":30}},"3":{"start":{"line":41,"column":4},"end":{"line":41,"column":29}},"4":{"start":{"line":42,"column":4},"end":{"line":42,"column":31}},"5":{"start":{"line":43,"column":4},"end":{"line":43,"column":38}},"6":{"start":{"line":44,"column":4},"end":{"line":44,"column":35}},"7":{"start":{"line":45,"column":4},"end":{"line":45,"column":65}},"8":{"start":{"line":46,"column":4},"end":{"line":46,"column":64}},"9":{"start":{"line":47,"column":4},"end":{"line":47,"column":66}},"10":{"start":{"line":48,"column":4},"end":{"line":48,"column":30}},"11":{"start":{"line":49,"column":4},"end":{"line":49,"column":30}},"12":{"start":{"line":56,"column":4},"end":{"line":105,"column":6}},"13":{"start":{"line":62,"column":62},"end":{"line":62,"column":85}},"14":{"start":{"line":69,"column":62},"end":{"line":69,"column":81}},"15":{"start":{"line":77,"column":61},"end":{"line":77,"column":87}},"16":{"start":{"line":84,"column":61},"end":{"line":84,"column":83}},"17":{"start":{"line":92,"column":63},"end":{"line":92,"column":87}},"18":{"start":{"line":99,"column":63},"end":{"line":99,"column":83}},"19":{"start":{"line":109,"column":4},"end":{"line":124,"column":5}},"20":{"start":{"line":110,"column":6},"end":{"line":113,"column":7}},"21":{"start":{"line":111,"column":8},"end":{"line":111,"column":32}},"22":{"start":{"line":112,"column":8},"end":{"line":112,"column":70}},"23":{"start":{"line":114,"column":11},"end":{"line":124,"column":5}},"24":{"start":{"line":115,"column":6},"end":{"line":118,"column":7}},"25":{"start":{"line":116,"column":8},"end":{"line":116,"column":31}},"26":{"start":{"line":117,"column":8},"end":{"line":117,"column":68}},"27":{"start":{"line":119,"column":11},"end":{"line":124,"column":5}},"28":{"start":{"line":120,"column":6},"end":{"line":123,"column":7}},"29":{"start":{"line":121,"column":8},"end":{"line":121,"column":33}},"30":{"start":{"line":122,"column":8},"end":{"line":122,"column":72}},"31":{"start":{"line":128,"column":4},"end":{"line":143,"column":5}},"32":{"start":{"line":129,"column":6},"end":{"line":132,"column":7}},"33":{"start":{"line":130,"column":8},"end":{"line":130,"column":32}},"34":{"start":{"line":131,"column":8},"end":{"line":131,"column":70}},"35":{"start":{"line":133,"column":11},"end":{"line":143,"column":5}},"36":{"start":{"line":134,"column":6},"end":{"line":137,"column":7}},"37":{"start":{"line":135,"column":8},"end":{"line":135,"column":31}},"38":{"start":{"line":136,"column":8},"end":{"line":136,"column":68}},"39":{"start":{"line":138,"column":11},"end":{"line":143,"column":5}},"40":{"start":{"line":139,"column":6},"end":{"line":142,"column":7}},"41":{"start":{"line":140,"column":8},"end":{"line":140,"column":33}},"42":{"start":{"line":141,"column":8},"end":{"line":141,"column":72}},"43":{"start":{"line":149,"column":18},"end":{"line":149,"column":24}}},"fnMap":{"0":{"name":"(anonymous_0)","decl":{"start":{"line":33,"column":2},"end":{"line":33,"column":3}},"loc":{"start":{"line":33,"column":16},"end":{"line":50,"column":3}},"line":33},"1":{"name":"(anonymous_1)","decl":{"start":{"line":55,"column":2},"end":{"line":55,"column":3}},"loc":{"start":{"line":55,"column":11},"end":{"line":106,"column":3}},"line":55},"2":{"name":"(anonymous_2)","decl":{"start":{"line":62,"column":56},"end":{"line":62,"column":57}},"loc":{"start":{"line":62,"column":62},"end":{"line":62,"column":85}},"line":62},"3":{"name":"(anonymous_3)","decl":{"start":{"line":69,"column":56},"end":{"line":69,"column":57}},"loc":{"start":{"line":69,"column":62},"end":{"line":69,"column":81}},"line":69},"4":{"name":"(anonymous_4)","decl":{"start":{"line":77,"column":55},"end":{"line":77,"column":56}},"loc":{"start":{"line":77,"column":61},"end":{"line":77,"column":87}},"line":77},"5":{"name":"(anonymous_5)","decl":{"start":{"line":84,"column":55},"end":{"line":84,"column":56}},"loc":{"start":{"line":84,"column":61},"end":{"line":84,"column":83}},"line":84},"6":{"name":"(anonymous_6)","decl":{"start":{"line":92,"column":57},"end":{"line":92,"column":58}},"loc":{"start":{"line":92,"column":63},"end":{"line":92,"column":87}},"line":92},"7":{"name":"(anonymous_7)","decl":{"start":{"line":99,"column":57},"end":{"line":99,"column":58}},"loc":{"start":{"line":99,"column":63},"end":{"line":99,"column":83}},"line":99},"8":{"name":"(anonymous_8)","decl":{"start":{"line":108,"column":2},"end":{"line":108,"column":3}},"loc":{"start":{"line":108,"column":21},"end":{"line":125,"column":3}},"line":108},"9":{"name":"(anonymous_9)","decl":{"start":{"line":127,"column":2},"end":{"line":127,"column":3}},"loc":{"start":{"line":127,"column":17},"end":{"line":144,"column":3}},"line":127}},"branchMap":{"0":{"loc":{"start":{"line":67,"column":18},"end":{"line":67,"column":71}},"type":"cond-expr","locations":[{"start":{"line":67,"column":42},"end":{"line":67,"column":67}},{"start":{"line":67,"column":70},"end":{"line":67,"column":71}}],"line":67},"1":{"loc":{"start":{"line":82,"column":16},"end":{"line":82,"column":68}},"type":"cond-expr","locations":[{"start":{"line":82,"column":40},"end":{"line":82,"column":64}},{"start":{"line":82,"column":67},"end":{"line":82,"column":68}}],"line":82},"2":{"loc":{"start":{"line":97,"column":16},"end":{"line":97,"column":70}},"type":"cond-expr","locations":[{"start":{"line":97,"column":40},"end":{"line":97,"column":66}},{"start":{"line":97,"column":69},"end":{"line":97,"column":70}}],"line":97},"3":{"loc":{"start":{"line":109,"column":4},"end":{"line":124,"column":5}},"type":"if","locations":[{"start":{"line":109,"column":4},"end":{"line":124,"column":5}},{"start":{"line":109,"column":4},"end":{"line":124,"column":5}}],"line":109},"4":{"loc":{"start":{"line":110,"column":6},"end":{"line":113,"column":7}},"type":"if","locations":[{"start":{"line":110,"column":6},"end":{"line":113,"column":7}},{"start":{"line":110,"column":6},"end":{"line":113,"column":7}}],"line":110},"5":{"loc":{"start":{"line":114,"column":11},"end":{"line":124,"column":5}},"type":"if","locations":[{"start":{"line":114,"column":11},"end":{"line":124,"column":5}},{"start":{"line":114,"column":11},"end":{"line":124,"column":5}}],"line":114},"6":{"loc":{"start":{"line":115,"column":6},"end":{"line":118,"column":7}},"type":"if","locations":[{"start":{"line":115,"column":6},"end":{"line":118,"column":7}},{"start":{"line":115,"column":6},"end":{"line":118,"column":7}}],"line":115},"7":{"loc":{"start":{"line":119,"column":11},"end":{"line":124,"column":5}},"type":"if","locations":[{"start":{"line":119,"column":11},"end":{"line":124,"column":5}},{"start":{"line":119,"column":11},"end":{"line":124,"column":5}}],"line":119},"8":{"loc":{"start":{"line":120,"column":6},"end":{"line":123,"column":7}},"type":"if","locations":[{"start":{"line":120,"column":6},"end":{"line":123,"column":7}},{"start":{"line":120,"column":6},"end":{"line":123,"column":7}}],"line":120},"9":{"loc":{"start":{"line":128,"column":4},"end":{"line":143,"column":5}},"type":"if","locations":[{"start":{"line":128,"column":4},"end":{"line":143,"column":5}},{"start":{"line":128,"column":4},"end":{"line":143,"column":5}}],"line":128},"10":{"loc":{"start":{"line":129,"column":6},"end":{"line":132,"column":7}},"type":"if","locations":[{"start":{"line":129,"column":6},"end":{"line":132,"column":7}},{"start":{"line":129,"column":6},"end":{"line":132,"column":7}}],"line":129},"11":{"loc":{"start":{"line":133,"column":11},"end":{"line":143,"column":5}},"type":"if","locations":[{"start":{"line":133,"column":11},"end":{"line":143,"column":5}},{"start":{"line":133,"column":11},"end":{"line":143,"column":5}}],"line":133},"12":{"loc":{"start":{"line":134,"column":6},"end":{"line":137,"column":7}},"type":"if","locations":[{"start":{"line":134,"column":6},"end":{"line":137,"column":7}},{"start":{"line":134,"column":6},"end":{"line":137,"column":7}}],"line":134},"13":{"loc":{"start":{"line":138,"column":11},"end":{"line":143,"column":5}},"type":"if","locations":[{"start":{"line":138,"column":11},"end":{"line":143,"column":5}},{"start":{"line":138,"column":11},"end":{"line":143,"column":5}}],"line":138},"14":{"loc":{"start":{"line":139,"column":6},"end":{"line":142,"column":7}},"type":"if","locations":[{"start":{"line":139,"column":6},"end":{"line":142,"column":7}},{"start":{"line":139,"column":6},"end":{"line":142,"column":7}}],"line":139}},"s":{"0":15,"1":15,"2":15,"3":15,"4":15,"5":15,"6":15,"7":15,"8":15,"9":15,"10":15,"11":15,"12":15,"13":0,"14":0,"15":0,"16":0,"17":0,"18":0,"19":6,"20":2,"21":1,"22":1,"23":4,"24":2,"25":1,"26":1,"27":2,"28":2,"29":1,"30":1,"31":6,"32":2,"33":1,"34":1,"35":4,"36":2,"37":1,"38":1,"39":2,"40":2,"41":1,"42":1,"43":2},"f":{"0":15,"1":15,"2":0,"3":0,"4":0,"5":0,"6":0,"7":0,"8":6,"9":6},"b":{"0":[15,0],"1":[15,0],"2":[15,0],"3":[2,4],"4":[1,1],"5":[2,2],"6":[1,1],"7":[2,0],"8":[1,1],"9":[2,4],"10":[1,1],"11":[2,2],"12":[1,1],"13":[2,0],"14":[1,1]},"_coverageSchema":"1a1c01bbd47fc00a2c39e90264f33305004495a9","hash":"4ff0bc9d4695460f9e1d542dffc195af78e1fba0"}
}
