TN:
SF:src\index.ts
FNF:0
FNH:0
LF:0
LH:0
BRF:0
BRH:0
end_of_record
TN:
SF:src\orxe-orxe-image-list.ts
FN:33,(anonymous_0)
FN:53,(anonymous_1)
FN:56,(anonymous_2)
FN:63,(anonymous_3)
FN:70,(anonymous_4)
FN:89,(anonymous_5)
FNF:6
FNH:4
FNDA:15,(anonymous_0)
FNDA:15,(anonymous_1)
FNDA:0,(anonymous_2)
FNDA:0,(anonymous_3)
FNDA:6,(anonymous_4)
FNDA:6,(anonymous_5)
DA:10,15
DA:34,15
DA:35,15
DA:40,15
DA:41,15
DA:42,15
DA:43,15
DA:44,15
DA:45,15
DA:46,15
DA:47,15
DA:54,15
DA:56,0
DA:63,0
DA:71,6
DA:72,2
DA:73,1
DA:74,1
DA:76,4
DA:77,2
DA:78,1
DA:79,1
DA:81,2
DA:82,2
DA:83,1
DA:84,1
DA:90,6
DA:91,2
DA:92,1
DA:93,1
DA:95,4
DA:96,2
DA:97,1
DA:98,1
DA:100,2
DA:101,2
DA:102,1
DA:103,1
DA:111,2
LF:39
LH:37
BRDA:55,0,0,0
BRDA:55,0,1,15
BRDA:55,1,0,0
BRDA:55,1,1,15
BRDA:55,2,0,15
BRDA:55,2,1,0
BRDA:56,3,0,0
BRDA:56,3,1,15
BRDA:56,4,0,0
BRDA:56,4,1,15
BRDA:56,5,0,15
BRDA:56,5,1,0
BRDA:59,6,0,0
BRDA:59,6,1,15
BRDA:59,7,0,0
BRDA:59,7,1,15
BRDA:59,8,0,15
BRDA:59,8,1,0
BRDA:59,9,0,0
BRDA:59,9,1,15
BRDA:59,10,0,0
BRDA:59,10,1,15
BRDA:59,11,0,15
BRDA:59,11,1,0
BRDA:61,12,0,15
BRDA:61,12,1,0
BRDA:61,13,0,0
BRDA:61,13,1,15
BRDA:61,14,0,0
BRDA:61,14,1,15
BRDA:61,15,0,15
BRDA:61,15,1,0
BRDA:63,16,0,0
BRDA:63,16,1,15
BRDA:63,17,0,0
BRDA:63,17,1,15
BRDA:63,18,0,15
BRDA:63,18,1,0
BRDA:71,19,0,2
BRDA:71,19,1,4
BRDA:72,20,0,1
BRDA:72,20,1,1
BRDA:76,21,0,2
BRDA:76,21,1,2
BRDA:77,22,0,1
BRDA:77,22,1,1
BRDA:81,23,0,2
BRDA:81,23,1,0
BRDA:82,24,0,1
BRDA:82,24,1,1
BRDA:90,25,0,2
BRDA:90,25,1,4
BRDA:91,26,0,1
BRDA:91,26,1,1
BRDA:95,27,0,2
BRDA:95,27,1,2
BRDA:96,28,0,1
BRDA:96,28,1,1
BRDA:100,29,0,2
BRDA:100,29,1,0
BRDA:101,30,0,1
BRDA:101,30,1,1
BRF:62
BRH:41
end_of_record
