TN:
SF:src\index.ts
FNF:0
FNH:0
LF:0
LH:0
BRF:0
BRH:0
end_of_record
TN:
SF:src\orxe-orxe-image-list.ts
FN:33,(anonymous_0)
FN:55,(anonymous_1)
FN:62,(anonymous_2)
FN:69,(anonymous_3)
FN:77,(anonymous_4)
FN:84,(anonymous_5)
FN:92,(anonymous_6)
FN:99,(anonymous_7)
FN:108,(anonymous_8)
FN:127,(anonymous_9)
FNF:10
FNH:4
FNDA:15,(anonymous_0)
FNDA:15,(anonymous_1)
FNDA:0,(anonymous_2)
FNDA:0,(anonymous_3)
FNDA:0,(anonymous_4)
FNDA:0,(anonymous_5)
FNDA:0,(anonymous_6)
FNDA:0,(anonymous_7)
FNDA:6,(anonymous_8)
FNDA:6,(anonymous_9)
DA:34,15
DA:35,15
DA:40,15
DA:41,15
DA:42,15
DA:43,15
DA:44,15
DA:45,15
DA:46,15
DA:47,15
DA:48,15
DA:49,15
DA:56,15
DA:62,0
DA:69,0
DA:77,0
DA:84,0
DA:92,0
DA:99,0
DA:109,6
DA:110,2
DA:111,1
DA:112,1
DA:114,4
DA:115,2
DA:116,1
DA:117,1
DA:119,2
DA:120,2
DA:121,1
DA:122,1
DA:128,6
DA:129,2
DA:130,1
DA:131,1
DA:133,4
DA:134,2
DA:135,1
DA:136,1
DA:138,2
DA:139,2
DA:140,1
DA:141,1
DA:149,2
LF:44
LH:38
BRDA:67,0,0,15
BRDA:67,0,1,0
BRDA:82,1,0,15
BRDA:82,1,1,0
BRDA:97,2,0,15
BRDA:97,2,1,0
BRDA:109,3,0,2
BRDA:109,3,1,4
BRDA:110,4,0,1
BRDA:110,4,1,1
BRDA:114,5,0,2
BRDA:114,5,1,2
BRDA:115,6,0,1
BRDA:115,6,1,1
BRDA:119,7,0,2
BRDA:119,7,1,0
BRDA:120,8,0,1
BRDA:120,8,1,1
BRDA:128,9,0,2
BRDA:128,9,1,4
BRDA:129,10,0,1
BRDA:129,10,1,1
BRDA:133,11,0,2
BRDA:133,11,1,2
BRDA:134,12,0,1
BRDA:134,12,1,1
BRDA:138,13,0,2
BRDA:138,13,1,0
BRDA:139,14,0,1
BRDA:139,14,1,1
BRF:30
BRH:25
end_of_record
